Build started 6/17/2016 8:05:24 PM.
     1>Project "C:\Users\Joshua\Documents\Visual Studio 2013\Projects\JoshuaFordProgram3\JoshuaFordProgram3\JoshuaFordProgram3\JoshuaFordProgram3.vcxproj" on node 2 (Build target(s)).
     1>ClCompile:
         W:\Joshua\VC\bin\CL.exe /c /ZI /nologo /W3 /WX- /sdl /Od /Oy- /D WIN32 /D _DEBUG /D _CONSOLE /D _LIB /D _UNICODE /D UNICODE /Gm /EHsc /RTC1 /MDd /GS /fp:precise /Zc:wchar_t /Zc:forScope /Fo"Debug\\" /Fd"Debug\vc120.pdb" /Gd /TP /analyze- /errorReport:prompt Character.cpp Enemy.cpp Player.cpp Main.cpp Utils.cpp
         Utils.cpp
         Main.cpp
     1>c:\users\joshua\documents\visual studio 2013\projects\joshuafordprogram3\joshuafordprogram3\joshuafordprogram3\main.cpp(45): warning C4244: 'argument' : conversion from 'time_t' to 'unsigned int', possible loss of data
         Player.cpp
         Enemy.cpp
         Character.cpp
         Generating Code...
       Link:
         W:\Joshua\VC\bin\link.exe /ERRORREPORT:PROMPT /OUT:"C:\Users\Joshua\Documents\Visual Studio 2013\Projects\JoshuaFordProgram3\JoshuaFordProgram3\Debug\JoshuaFordProgram3.exe" /INCREMENTAL /NOLOGO kernel32.lib user32.lib gdi32.lib winspool.lib comdlg32.lib advapi32.lib shell32.lib ole32.lib oleaut32.lib uuid.lib odbc32.lib odbccp32.lib /MANIFEST /MANIFESTUAC:"level='asInvoker' uiAccess='false'" /manifest:embed /DEBUG /PDB:"C:\Users\Joshua\Documents\Visual Studio 2013\Projects\JoshuaFordProgram3\JoshuaFordProgram3\Debug\JoshuaFordProgram3.pdb" /SUBSYSTEM:CONSOLE /TLBID:1 /DYNAMICBASE /NXCOMPAT /IMPLIB:"C:\Users\Joshua\Documents\Visual Studio 2013\Projects\JoshuaFordProgram3\JoshuaFordProgram3\Debug\JoshuaFordProgram3.lib" /MACHINE:X86 Debug\Character.obj
         Debug\Enemy.obj
         Debug\Player.obj
         Debug\Main.obj
         Debug\Utils.obj
         JoshuaFordProgram3.vcxproj -> C:\Users\Joshua\Documents\Visual Studio 2013\Projects\JoshuaFordProgram3\JoshuaFordProgram3\Debug\JoshuaFordProgram3.exe
     1>Done Building Project "C:\Users\Joshua\Documents\Visual Studio 2013\Projects\JoshuaFordProgram3\JoshuaFordProgram3\JoshuaFordProgram3\JoshuaFordProgram3.vcxproj" (Build target(s)).

Build succeeded.

Time Elapsed 00:00:01.95
